<?xml version="1.0" encoding="UTF-8"?>
<testsuite name="ConwayGameOfLifeTest" tests="1" skipped="0" failures="0" errors="0" timestamp="2020-02-06T08:33:05" hostname="recruit-ThinkCentre-M73" time="0.011">
  <properties/>
  <testcase name="nextGenerationTest()" classname="ConwayGameOfLifeTest" time="0.011"/>
  <system-out><![CDATA[]]></system-out>
  <system-err><![CDATA[]]></system-err>
</testsuite>
